[INFO][test_login.py 16][2023-01-31 09:29:49,479]:[测试用户名admin,密码11111111]
[INFO][test_login.py 21][2023-01-31 09:29:55,721]:[实际结果"登录成功"与预期结果"登录成功"一致]
[INFO][test_login.py 22][2023-01-31 09:29:55,722]:[---登录功能用例通过---]
[INFO][test_login.py 16][2023-01-31 09:30:01,483]:[测试用户名admin1,密码11111111]
[INFO][test_login.py 21][2023-01-31 09:30:17,052]:[实际结果"登录失败"与预期结果"登录失败"一致]
[INFO][test_login.py 22][2023-01-31 09:30:17,052]:[---登录功能用例通过---]
[INFO][test_project_search.py 18][2023-01-31 09:39:23,279]:[查询功能正常]
[INFO][test_project_search.py 18][2023-01-31 09:39:30,636]:[查询功能正常]
[INFO][test_login.py 17][2023-01-31 09:39:30,643]:[测试用户名admin,密码11111111]
[INFO][test_login.py 22][2023-01-31 09:39:37,471]:[实际结果"登录成功"与预期结果"登录成功"一致]
[INFO][test_login.py 23][2023-01-31 09:39:37,471]:[---登录功能用例通过---]
[INFO][test_login.py 17][2023-01-31 09:39:43,157]:[测试用户名admin1,密码11111111]
[INFO][test_login.py 22][2023-01-31 09:39:58,577]:[实际结果"登录失败"与预期结果"登录失败"一致]
[INFO][test_login.py 23][2023-01-31 09:39:58,577]:[---登录功能用例通过---]
[INFO][test_project_search.py 18][2023-01-31 09:42:10,216]:[查询功能正常]
[INFO][test_project_search.py 18][2023-01-31 09:42:18,047]:[查询功能正常]
[INFO][test_login.py 17][2023-01-31 09:42:18,061]:[测试用户名admin,密码11111111]
[INFO][test_login.py 22][2023-01-31 09:42:24,256]:[实际结果"登录成功"与预期结果"登录成功"一致]
[INFO][test_login.py 23][2023-01-31 09:42:24,256]:[---登录功能用例通过---]
[INFO][test_login.py 17][2023-01-31 09:42:30,041]:[测试用户名admin1,密码11111111]
[INFO][test_login.py 22][2023-01-31 09:42:45,593]:[实际结果"登录失败"与预期结果"登录失败"一致]
[INFO][test_login.py 23][2023-01-31 09:42:45,593]:[---登录功能用例通过---]
[INFO][test_login.py 17][2023-01-31 09:46:26,700]:[测试用户名admin,密码11111111]
[INFO][test_login.py 22][2023-01-31 09:46:33,019]:[实际结果"登录成功"与预期结果"登录成功"一致]
[INFO][test_login.py 23][2023-01-31 09:46:33,020]:[---登录功能用例通过---]
[ERROR][test_login.py 26][2023-01-31 09:46:36,201]:[---登录测试不通过---]
[INFO][test_login.py 17][2023-01-31 09:46:39,767]:[测试用户名admin1,密码11111111]
[INFO][test_login.py 22][2023-01-31 09:46:55,819]:[实际结果"登录失败"与预期结果"登录失败"一致]
[INFO][test_login.py 23][2023-01-31 09:46:55,819]:[---登录功能用例通过---]
[ERROR][test_login.py 26][2023-01-31 09:46:59,521]:[---登录测试不通过---]
[INFO][test_login.py 16][2023-01-31 10:37:41,285]:[测试用户名admin,密码11111111]
[INFO][test_login.py 21][2023-01-31 10:37:48,882]:[实际结果"登录成功"与预期结果"登录成功"一致]
[INFO][test_login.py 22][2023-01-31 10:37:48,883]:[---登录功能用例通过---]
[ERROR][test_login.py 25][2023-01-31 10:37:48,884]:[---登录测试不通过---]
[INFO][test_login.py 16][2023-01-31 10:37:49,066]:[测试用户名admin1,密码11111111]
[INFO][test_login.py 21][2023-01-31 10:38:05,024]:[实际结果"登录失败"与预期结果"登录失败"一致]
[INFO][test_login.py 22][2023-01-31 10:38:05,024]:[---登录功能用例通过---]
[ERROR][test_login.py 25][2023-01-31 10:38:05,024]:[---登录测试不通过---]
[INFO][test_login.py 16][2023-01-31 10:43:54,023]:[测试用户名admin,密码11111111]
[INFO][test_login.py 21][2023-01-31 10:44:01,288]:[实际结果"登录成功"与预期结果"登录成功"一致]
[INFO][test_login.py 22][2023-01-31 10:44:01,289]:[---登录功能用例通过---]
[INFO][test_login.py 16][2023-01-31 10:44:08,342]:[测试用户名admin1,密码11111111]
[INFO][test_login.py 21][2023-01-31 10:44:26,974]:[实际结果"登录失败"与预期结果"登录失败"一致]
[INFO][test_login.py 22][2023-01-31 10:44:26,974]:[---登录功能用例通过---]
[INFO][test_login.py 16][2023-01-31 10:51:08,859]:[测试用户名admin,密码11111111]
[ERROR][test_login.py 25][2023-01-31 10:51:08,861]:[---登录测试不通过---]
[INFO][test_login.py 16][2023-01-31 10:51:08,969]:[测试用户名admin1,密码11111111]
[INFO][test_login.py 21][2023-01-31 10:51:08,969]:[实际结果"登录失败"与预期结果"登录失败"一致]
[INFO][test_login.py 22][2023-01-31 10:51:08,969]:[---登录功能用例通过---]
[ERROR][test_login.py 25][2023-01-31 10:51:08,970]:[---登录测试不通过---]
[INFO][test_login.py 16][2023-01-31 10:55:23,231]:[测试用户名admin,密码11111111]
[INFO][test_login.py 21][2023-01-31 10:55:31,614]:[实际结果"登录成功"与预期结果"登录成功"一致]
[INFO][test_login.py 22][2023-01-31 10:55:31,614]:[---登录功能用例通过---]
[ERROR][test_login.py 25][2023-01-31 10:55:31,614]:[---登录测试不通过---]
[INFO][test_login.py 16][2023-01-31 10:55:31,708]:[测试用户名admin1,密码11111111]
[INFO][test_login.py 21][2023-01-31 10:55:49,898]:[实际结果"登录失败"与预期结果"登录失败"一致]
[INFO][test_login.py 22][2023-01-31 10:55:49,898]:[---登录功能用例通过---]
[ERROR][test_login.py 25][2023-01-31 10:55:49,898]:[---登录测试不通过---]
[INFO][test_login.py 16][2023-01-31 10:57:56,299]:[测试用户名admin,密码11111111]
[INFO][test_login.py 21][2023-01-31 10:58:03,886]:[实际结果"登录成功"与预期结果"登录成功"一致]
[INFO][test_login.py 22][2023-01-31 10:58:03,887]:[---登录功能用例通过---]
[ERROR][test_login.py 25][2023-01-31 10:58:03,887]:[---登录测试不通过---]
[INFO][test_login.py 16][2023-01-31 10:58:04,002]:[测试用户名admin1,密码11111111]
[INFO][test_login.py 21][2023-01-31 10:58:21,407]:[实际结果"登录失败"与预期结果"登录失败"一致]
[INFO][test_login.py 22][2023-01-31 10:58:21,407]:[---登录功能用例通过---]
[ERROR][test_login.py 25][2023-01-31 10:58:21,407]:[---登录测试不通过---]
[INFO][test_login.py 16][2023-01-31 10:59:51,253]:[测试用户名admin,密码11111111]
[INFO][test_login.py 21][2023-01-31 10:59:59,014]:[实际结果"登录成功"与预期结果"登录成功"一致]
[INFO][test_login.py 22][2023-01-31 10:59:59,014]:[---登录功能用例通过---]
[ERROR][test_login.py 25][2023-01-31 11:00:02,093]:[---登录测试不通过---]
[INFO][test_login.py 16][2023-01-31 11:00:05,934]:[测试用户名admin1,密码11111111]
[INFO][test_login.py 21][2023-01-31 11:00:23,680]:[实际结果"登录失败"与预期结果"登录失败"一致]
[INFO][test_login.py 22][2023-01-31 11:00:23,680]:[---登录功能用例通过---]
[ERROR][test_login.py 25][2023-01-31 11:00:26,732]:[---登录测试不通过---]
[INFO][test_login.py 16][2023-01-31 11:04:39,080]:[测试用户名admin,密码11111111]
[INFO][test_login.py 21][2023-01-31 11:04:43,331]:[实际结果"登录成功"与预期结果"登录成功"一致]
[INFO][test_login.py 22][2023-01-31 11:04:43,331]:[---登录功能用例通过---]
[INFO][test_login.py 16][2023-01-31 11:04:43,754]:[测试用户名admin1,密码11111111]
[INFO][test_login.py 21][2023-01-31 11:04:56,147]:[实际结果"登录失败"与预期结果"登录失败"一致]
[INFO][test_login.py 22][2023-01-31 11:04:56,147]:[---登录功能用例通过---]
[INFO][test_login.py 16][2023-01-31 11:06:22,197]:[测试用户名admin,密码11111111]
[INFO][test_login.py 21][2023-01-31 11:06:26,260]:[实际结果"登录成功"与预期结果"登录成功"一致]
[INFO][test_login.py 22][2023-01-31 11:06:26,261]:[---登录功能用例通过---]
[INFO][test_login.py 16][2023-01-31 11:06:26,702]:[测试用户名admin1,密码11111111]
[INFO][test_login.py 21][2023-01-31 11:06:39,083]:[实际结果"登录失败"与预期结果"登录失败"一致]
[INFO][test_login.py 22][2023-01-31 11:06:39,083]:[---登录功能用例通过---]
[INFO][test_login.py 16][2023-01-31 11:07:53,454]:[测试用户名admin,密码11111111]
[INFO][test_login.py 21][2023-01-31 11:07:57,373]:[实际结果"登录成功"与预期结果"登录成功"一致]
[INFO][test_login.py 22][2023-01-31 11:07:57,373]:[---登录功能用例通过---]
[INFO][test_login.py 16][2023-01-31 11:07:59,770]:[测试用户名admin1,密码11111111]
[INFO][test_login.py 21][2023-01-31 11:08:12,163]:[实际结果"登录失败"与预期结果"登录失败"一致]
[INFO][test_login.py 22][2023-01-31 11:08:12,163]:[---登录功能用例通过---]
[INFO][test_login.py 16][2023-01-31 11:39:29,691]:[测试用户名admin,密码11111111]
[INFO][test_login.py 21][2023-01-31 11:39:33,769]:[实际结果"登录成功"与预期结果"登录成功"一致]
[INFO][test_login.py 22][2023-01-31 11:39:33,771]:[---登录功能用例通过---]
[INFO][test_login.py 16][2023-01-31 11:39:34,158]:[测试用户名admin1,密码11111111]
[INFO][test_login.py 21][2023-01-31 11:39:46,506]:[实际结果"登录失败"与预期结果"登录失败"一致]
[INFO][test_login.py 22][2023-01-31 11:39:46,506]:[---登录功能用例通过---]
[INFO][test_login.py 16][2023-01-31 11:43:58,138]:[测试用户名admin,密码11111111]
[INFO][test_login.py 21][2023-01-31 11:44:00,356]:[实际结果"登录成功"与预期结果"登录成功"一致]
[INFO][test_login.py 22][2023-01-31 11:44:00,357]:[---登录功能用例通过---]
[INFO][test_login.py 16][2023-01-31 11:44:01,143]:[测试用户名admin1,密码11111111]
[INFO][test_login.py 21][2023-01-31 11:44:11,581]:[实际结果"登录失败"与预期结果"登录失败"一致]
[INFO][test_login.py 22][2023-01-31 11:44:11,581]:[---登录功能用例通过---]
[INFO][test_login.py 16][2023-01-31 11:46:24,268]:[测试用户名admin,密码11111111]
[INFO][test_login.py 21][2023-01-31 11:46:26,464]:[实际结果"登录成功"与预期结果"登录成功"一致]
[INFO][test_login.py 22][2023-01-31 11:46:26,465]:[---登录功能用例通过---]
[INFO][test_login.py 16][2023-01-31 11:46:27,130]:[测试用户名admin1,密码11111111]
[INFO][test_login.py 21][2023-01-31 11:46:37,539]:[实际结果"登录失败"与预期结果"登录失败"一致]
[INFO][test_login.py 22][2023-01-31 11:46:37,539]:[---登录功能用例通过---]
[INFO][test_login.py 16][2023-01-31 11:46:55,603]:[测试用户名admin,密码11111111]
[INFO][test_login.py 21][2023-01-31 11:46:57,649]:[实际结果"登录成功"与预期结果"登录成功"一致]
[INFO][test_login.py 22][2023-01-31 11:46:57,649]:[---登录功能用例通过---]
[INFO][test_login.py 16][2023-01-31 11:46:58,318]:[测试用户名admin1,密码11111111]
[INFO][test_login.py 21][2023-01-31 11:47:08,717]:[实际结果"登录失败"与预期结果"登录失败"一致]
[INFO][test_login.py 22][2023-01-31 11:47:08,717]:[---登录功能用例通过---]
