[INFO][test_login.py 15][2023-02-01 12:50:21,254]:[测试用户名admin,密码11111111]
[INFO][test_login.py 20][2023-02-01 12:50:25,196]:[实际结果"登录成功"与预期结果"登录成功"一致]
[INFO][test_login.py 21][2023-02-01 12:50:25,197]:[---登录功能用例通过---]
[INFO][test_login.py 15][2023-02-01 12:50:26,001]:[测试用户名admin1,密码11111111]
[INFO][test_login.py 20][2023-02-01 12:50:31,338]:[实际结果"登录失败"与预期结果"登录失败"一致]
[INFO][test_login.py 21][2023-02-01 12:50:31,338]:[---登录功能用例通过---]
[INFO][test_login.py 15][2023-02-01 13:41:12,633]:[测试用户名admin,密码11111111]
[INFO][test_login.py 21][2023-02-01 13:41:15,938]:[实际结果"登录成功"与预期结果"登录成功"一致]
[INFO][test_login.py 22][2023-02-01 13:41:15,938]:[---登录功能用例通过---]
[INFO][test_login.py 15][2023-02-01 13:41:16,573]:[测试用户名admin1,密码11111111]
[INFO][test_login.py 21][2023-02-01 13:41:21,969]:[实际结果"登录失败"与预期结果"登录失败"一致]
[INFO][test_login.py 22][2023-02-01 13:41:21,969]:[---登录功能用例通过---]
[INFO][test_login.py 15][2023-02-01 13:42:59,856]:[测试用户名admin,密码11111111]
[INFO][test_login.py 21][2023-02-01 13:43:04,058]:[实际结果"登录成功"与预期结果"登录成功"一致]
[INFO][test_login.py 22][2023-02-01 13:43:04,058]:[---登录功能用例通过---]
[INFO][test_login.py 15][2023-02-01 13:43:04,693]:[测试用户名admin1,密码11111111]
[INFO][test_login.py 21][2023-02-01 13:43:10,217]:[实际结果"登录失败"与预期结果"登录失败"一致]
[INFO][test_login.py 22][2023-02-01 13:43:10,218]:[---登录功能用例通过---]
[INFO][test_login.py 15][2023-02-01 13:44:10,323]:[测试用户名admin,密码11111111]
[INFO][test_login.py 21][2023-02-01 13:44:13,720]:[实际结果"登录成功"与预期结果"登录成功"一致]
[INFO][test_login.py 22][2023-02-01 13:44:13,721]:[---登录功能用例通过---]
[INFO][test_login.py 15][2023-02-01 13:44:14,358]:[测试用户名admin1,密码11111111]
[INFO][test_login.py 21][2023-02-01 13:44:19,847]:[实际结果"登录失败"与预期结果"登录失败"一致]
[INFO][test_login.py 22][2023-02-01 13:44:19,847]:[---登录功能用例通过---]
[INFO][test_project_search.py 17][2023-02-01 15:32:40,027]:[查询功能正常]
[INFO][test_project_search.py 17][2023-02-01 15:32:42,299]:[查询功能正常]
[INFO][test_login.py 15][2023-02-01 15:32:42,313]:[测试用户名admin,密码11111111]
[INFO][test_login.py 21][2023-02-01 15:32:42,879]:[实际结果"登录成功"与预期结果"登录成功"一致]
[INFO][test_login.py 22][2023-02-01 15:32:42,880]:[---登录功能用例通过---]
[INFO][test_login.py 15][2023-02-01 15:32:43,510]:[测试用户名admin1,密码11111111]
[INFO][test_login.py 21][2023-02-01 15:32:48,982]:[实际结果"登录失败"与预期结果"登录失败"一致]
[INFO][test_login.py 22][2023-02-01 15:32:48,982]:[---登录功能用例通过---]
