[INFO][test_login.py 17][2023-01-30 11:13:00,641]:[测试用户名admin,密码11111111]
[INFO][test_login.py 18][2023-01-30 11:13:00,642]:[实际结果"登录成功"与预期结果"登录成功"一致]
[INFO][test_login.py 17][2023-01-30 11:13:16,418]:[测试用户名admin1,密码11111111]
[INFO][test_login.py 18][2023-01-30 11:13:16,418]:[实际结果"登录失败"与预期结果"登录失败"一致]
[INFO][test_project_search.py 18][2023-01-30 11:30:09,507]:[查询功能正常]
[INFO][test_project_search.py 18][2023-01-30 11:30:17,028]:[查询功能正常]
[INFO][test_login.py 17][2023-01-30 16:06:32,736]:[测试用户名admin,密码11111111]
[INFO][test_login.py 18][2023-01-30 16:06:32,741]:[实际结果"登录成功"与预期结果"登录成功"一致]
[INFO][test_login.py 17][2023-01-30 16:06:49,890]:[测试用户名admin1,密码11111111]
[INFO][test_login.py 18][2023-01-30 16:06:49,890]:[实际结果"登录失败"与预期结果"登录失败"一致]
[INFO][test_project_search.py 18][2023-01-30 16:13:06,360]:[查询功能正常]
[INFO][test_project_search.py 18][2023-01-30 16:13:15,045]:[查询功能正常]
[INFO][test_project_search.py 18][2023-01-30 16:18:41,688]:[查询功能正常]
[INFO][test_project_search.py 18][2023-01-30 16:18:50,254]:[查询功能正常]
[INFO][test_login.py 17][2023-01-30 16:35:27,316]:[测试用户名admin,密码11111111]
[INFO][test_login.py 18][2023-01-30 16:35:27,316]:[实际结果"登录成功"与预期结果"登录成功"一致]
[INFO][test_login.py 17][2023-01-30 16:35:42,767]:[测试用户名admin1,密码11111111]
[INFO][test_login.py 18][2023-01-30 16:35:42,768]:[实际结果"登录失败"与预期结果"登录失败"一致]
[INFO][test_login.py 17][2023-01-30 16:36:52,008]:[测试用户名admin,密码11111111]
[INFO][test_login.py 18][2023-01-30 16:36:52,009]:[实际结果"登录成功"与预期结果"登录成功"一致]
[INFO][test_login.py 17][2023-01-30 16:37:07,491]:[测试用户名admin1,密码11111111]
[INFO][test_login.py 18][2023-01-30 16:37:07,491]:[实际结果"登录失败"与预期结果"登录失败"一致]
[INFO][test_project_search.py 18][2023-01-30 16:37:15,772]:[查询功能正常]
[INFO][test_project_search.py 18][2023-01-30 16:37:23,222]:[查询功能正常]
[INFO][test_login.py 17][2023-01-30 16:42:09,284]:[测试用户名admin,密码11111111]
[INFO][test_login.py 18][2023-01-30 16:42:09,285]:[实际结果"登录成功"与预期结果"登录成功"一致]
[INFO][test_login.py 17][2023-01-30 16:42:24,780]:[测试用户名admin1,密码11111111]
[INFO][test_login.py 18][2023-01-30 16:42:24,780]:[实际结果"登录失败"与预期结果"登录失败"一致]
[INFO][test_project_search.py 18][2023-01-30 16:42:32,134]:[查询功能正常]
[INFO][test_project_search.py 18][2023-01-30 16:42:39,550]:[查询功能正常]
[INFO][test_project_search.py 18][2023-01-30 16:50:51,313]:[查询功能正常]
[INFO][test_project_search.py 18][2023-01-30 16:50:58,988]:[查询功能正常]
[INFO][test_login.py 17][2023-01-30 16:51:04,782]:[测试用户名admin,密码11111111]
[INFO][test_login.py 18][2023-01-30 16:51:04,784]:[实际结果"登录成功"与预期结果"登录成功"一致]
[INFO][test_login.py 17][2023-01-30 16:51:20,255]:[测试用户名admin1,密码11111111]
[INFO][test_login.py 18][2023-01-30 16:51:20,255]:[实际结果"登录失败"与预期结果"登录失败"一致]
[INFO][test_login.py 15][2023-01-30 17:19:13,774]:[测试用户名admin,密码11111111]
[INFO][test_login.py 15][2023-01-30 17:19:18,014]:[测试用户名admin1,密码11111111]
[INFO][test_login.py 17][2023-01-30 17:26:12,124]:[测试用户名admin,密码11111111]
[INFO][test_login.py 22][2023-01-30 17:26:18,459]:[实际结果"登录成功"与预期结果"登录成功"一致]
[INFO][test_login.py 17][2023-01-30 17:26:23,878]:[测试用户名admin1,密码11111111]
[INFO][test_login.py 22][2023-01-30 17:26:39,572]:[实际结果"登录失败"与预期结果"登录失败"一致]
[INFO][test_login.py 17][2023-01-30 17:27:50,202]:[测试用户名admin,密码11111111]
[INFO][test_login.py 22][2023-01-30 17:27:56,266]:[实际结果"登录成功"与预期结果"登录成功"一致]
[INFO][test_login.py 17][2023-01-30 17:28:02,456]:[测试用户名admin1,密码11111111]
[INFO][test_login.py 22][2023-01-30 17:28:18,108]:[实际结果"登录失败"与预期结果"登录失败"一致]
[INFO][test_project_search.py 18][2023-01-30 17:28:53,694]:[查询功能正常]
[INFO][test_project_search.py 18][2023-01-30 17:29:01,255]:[查询功能正常]
[INFO][test_login.py 17][2023-01-30 17:29:04,399]:[测试用户名admin,密码11111111]
[INFO][test_login.py 22][2023-01-30 17:29:10,386]:[实际结果"登录成功"与预期结果"登录成功"一致]
[INFO][test_login.py 17][2023-01-30 17:29:14,965]:[测试用户名admin1,密码11111111]
[INFO][test_login.py 22][2023-01-30 17:29:30,657]:[实际结果"登录失败"与预期结果"登录失败"一致]
[INFO][test_login.py 17][2023-01-30 17:30:56,510]:[测试用户名admin,密码11111111]
[INFO][test_login.py 21][2023-01-30 17:31:02,288]:[实际结果"登录成功"与预期结果"登录成功"一致]
[INFO][test_login.py 17][2023-01-30 17:31:06,465]:[测试用户名admin1,密码11111111]
[INFO][test_login.py 21][2023-01-30 17:31:22,130]:[实际结果"登录失败"与预期结果"登录失败"一致]
[INFO][test_login.py 15][2023-01-30 17:36:54,305]:[测试用户名admin,密码11111111]
[INFO][test_login.py 18][2023-01-30 17:37:00,660]:[实际结果"登录成功"与预期结果"登录成功"一致]
[INFO][test_login.py 15][2023-01-30 17:37:00,671]:[测试用户名admin1,密码11111111]
[INFO][test_login.py 18][2023-01-30 17:37:16,308]:[实际结果"登录失败"与预期结果"登录失败"一致]
[INFO][test_login.py 15][2023-01-30 17:51:25,460]:[测试用户名admin,密码11111111]
[INFO][test_login.py 18][2023-01-30 17:51:31,613]:[实际结果"登录成功"与预期结果"登录成功"一致]
[INFO][test_login.py 15][2023-01-30 17:51:31,619]:[测试用户名admin1,密码11111111]
[INFO][test_login.py 18][2023-01-30 17:51:47,322]:[实际结果"登录失败"与预期结果"登录失败"一致]
[INFO][test_login.py 15][2023-01-30 18:04:55,689]:[测试用户名admin,密码11111111]
[INFO][test_login.py 18][2023-01-30 18:05:01,835]:[实际结果"登录成功"与预期结果"登录成功"一致]
[INFO][test_login.py 15][2023-01-30 18:05:01,840]:[测试用户名admin1,密码11111111]
[INFO][test_login.py 18][2023-01-30 18:05:17,564]:[实际结果"登录失败"与预期结果"登录失败"一致]
[INFO][test_login.py 15][2023-01-30 18:25:23,322]:[测试用户名admin,密码11111111]
[INFO][test_login.py 18][2023-01-30 18:25:37,307]:[实际结果"登录成功"与预期结果"登录成功"一致]
[INFO][test_login.py 15][2023-01-30 18:25:37,323]:[测试用户名admin1,密码11111111]
[INFO][test_login.py 18][2023-01-30 18:25:53,074]:[实际结果"登录失败"与预期结果"登录失败"一致]
[INFO][test_login.py 15][2023-01-30 18:26:36,668]:[测试用户名admin,密码11111111]
[INFO][test_login.py 18][2023-01-30 18:26:49,611]:[实际结果"登录成功"与预期结果"登录成功"一致]
[INFO][test_login.py 15][2023-01-30 18:26:49,623]:[测试用户名admin1,密码11111111]
[INFO][test_login.py 18][2023-01-30 18:27:05,062]:[实际结果"登录失败"与预期结果"登录失败"一致]
[INFO][test_login.py 15][2023-01-30 18:29:07,247]:[测试用户名admin,密码11111111]
[INFO][test_login.py 18][2023-01-30 18:29:20,373]:[实际结果"登录成功"与预期结果"登录成功"一致]
[INFO][test_login.py 15][2023-01-30 18:29:20,377]:[测试用户名admin1,密码11111111]
[INFO][test_login.py 18][2023-01-30 18:29:35,756]:[实际结果"登录失败"与预期结果"登录失败"一致]
[INFO][test_login.py 15][2023-01-30 18:30:13,786]:[测试用户名admin,密码11111111]
[INFO][test_login.py 18][2023-01-30 18:30:26,893]:[实际结果"登录成功"与预期结果"登录成功"一致]
[INFO][test_login.py 15][2023-01-30 18:30:26,896]:[测试用户名admin1,密码11111111]
[INFO][test_login.py 18][2023-01-30 18:30:42,457]:[实际结果"登录失败"与预期结果"登录失败"一致]
